<?xml version="1.0" encoding="UTF-8"?>
<!-- Generated by org.testng.reporters.JUnitXMLReporter -->
<testsuite hostname="LAPTOP-72A17Q8C" ignored="12" name="Surefire test" tests="13" failures="5" timestamp="22 Feb 2021 14:21:30 GMT" time="154.253" errors="0">
  <testcase name="@BeforeClass HomePage_setUp" time="0.001" classname="com.coachspan.qa.Coachspan1.CEEPageTest">
    <failure type="java.lang.NullPointerException">
      <![CDATA[java.lang.NullPointerException
at com.coachspan.qa.Coachspan1.CEEPageTest.HomePage_setUp(CEEPageTest.java:15)
... Removed 30 stack frames]]>
    </failure>
  </testcase> <!-- @BeforeClass HomePage_setUp -->
  <testcase name="@BeforeClass HomePage_setUp" time="0.0" classname="com.coachspan.qa.Coachspan1.CoachesPageTest">
    <failure type="java.lang.NullPointerException">
      <![CDATA[java.lang.NullPointerException
at com.coachspan.qa.Coachspan1.CoachesPageTest.HomePage_setUp(CoachesPageTest.java:20)
... Removed 30 stack frames]]>
    </failure>
  </testcase> <!-- @BeforeClass HomePage_setUp -->
  <testcase name="@BeforeClass HomePage_setUp" time="0.001" classname="com.coachspan.qa.Coachspan1.CSBDTest">
    <failure type="java.lang.NullPointerException">
      <![CDATA[java.lang.NullPointerException
at com.coachspan.qa.Coachspan1.CSBDTest.HomePage_setUp(CSBDTest.java:16)
... Removed 30 stack frames]]>
    </failure>
  </testcase> <!-- @BeforeClass HomePage_setUp -->
  <testcase name="@BeforeClass HomePage_setUp" time="0.001" classname="com.coachspan.qa.Coachspan1.HomePageTest">
    <failure type="java.lang.NullPointerException">
      <![CDATA[java.lang.NullPointerException
at com.coachspan.qa.Coachspan1.HomePageTest.HomePage_setUp(HomePageTest.java:16)
... Removed 30 stack frames]]>
    </failure>
  </testcase> <!-- @BeforeClass HomePage_setUp -->
  <testcase name="RedirectToRegForm" time="15.04" classname="com.coachspan.qa.Coachspan1.AvailabilityPageTest">
    <failure type="org.openqa.selenium.NoSuchElementException" message="no such element: Unable to locate element: {&amp;quot;method&amp;quot;:&amp;quot;xpath&amp;quot;,&amp;quot;selector&amp;quot;:&amp;quot;//input[@id=&amp;apos;emailAddress&amp;apos;]&amp;quot;}
  (Session info: chrome=88.0.4324.182)
For documentation on this error, please visit: https://www.seleniumhq.org/exceptions/no_such_element.html
Build info: version: &amp;apos;3.141.59&amp;apos;, revision: &amp;apos;e82be7d358&amp;apos;, time: &amp;apos;2018-11-14T08:17:03&amp;apos;
System info: host: &amp;apos;LAPTOP-72A17Q8C&amp;apos;, ip: &amp;apos;172.27.245.161&amp;apos;, os.name: &amp;apos;Windows 10&amp;apos;, os.arch: &amp;apos;amd64&amp;apos;, os.version: &amp;apos;10.0&amp;apos;, java.version: &amp;apos;1.8.0_261&amp;apos;
Driver info: org.openqa.selenium.chrome.ChromeDriver
Capabilities {acceptInsecureCerts: false, browserName: chrome, browserVersion: 88.0.4324.182, chrome: {chromedriverVersion: 88.0.4324.96 (68dba2d8a0b14..., userDataDir: C:\Users\Raj\AppData\Local\...}, goog:chromeOptions: {debuggerAddress: localhost:55927}, javascriptEnabled: true, networkConnectionEnabled: false, pageLoadStrategy: normal, platform: WINDOWS, platformName: WINDOWS, proxy: Proxy(), setWindowRect: true, strictFileInteractability: false, timeouts: {implicit: 0, pageLoad: 300000, script: 30000}, unhandledPromptBehavior: dismiss and notify, webauthn:extension:largeBlob: true, webauthn:virtualAuthenticators: true}
Session ID: be4d1a24986892544b85fc00d6ef6a35
*** Element info: {Using=xpath, value=//input[@id=&amp;apos;emailAddress&amp;apos;]}">
      <![CDATA[org.openqa.selenium.NoSuchElementException: no such element: Unable to locate element: {"method":"xpath","selector":"//input[@id='emailAddress']"}
  (Session info: chrome=88.0.4324.182)
For documentation on this error, please visit: https://www.seleniumhq.org/exceptions/no_such_element.html
Build info: version: '3.141.59', revision: 'e82be7d358', time: '2018-11-14T08:17:03'
System info: host: 'LAPTOP-72A17Q8C', ip: '172.27.245.161', os.name: 'Windows 10', os.arch: 'amd64', os.version: '10.0', java.version: '1.8.0_261'
Driver info: org.openqa.selenium.chrome.ChromeDriver
Capabilities {acceptInsecureCerts: false, browserName: chrome, browserVersion: 88.0.4324.182, chrome: {chromedriverVersion: 88.0.4324.96 (68dba2d8a0b14..., userDataDir: C:\Users\Raj\AppData\Local\...}, goog:chromeOptions: {debuggerAddress: localhost:55927}, javascriptEnabled: true, networkConnectionEnabled: false, pageLoadStrategy: normal, platform: WINDOWS, platformName: WINDOWS, proxy: Proxy(), setWindowRect: true, strictFileInteractability: false, timeouts: {implicit: 0, pageLoad: 300000, script: 30000}, unhandledPromptBehavior: dismiss and notify, webauthn:extension:largeBlob: true, webauthn:virtualAuthenticators: true}
Session ID: be4d1a24986892544b85fc00d6ef6a35
*** Element info: {Using=xpath, value=//input[@id='emailAddress']}
at org.openqa.selenium.remote.http.W3CHttpResponseCodec.createException(W3CHttpResponseCodec.java:187)
at org.openqa.selenium.remote.http.W3CHttpResponseCodec.decode(W3CHttpResponseCodec.java:122)
at org.openqa.selenium.remote.http.W3CHttpResponseCodec.decode(W3CHttpResponseCodec.java:49)
at org.openqa.selenium.remote.HttpCommandExecutor.execute(HttpCommandExecutor.java:158)
at org.openqa.selenium.remote.service.DriverCommandExecutor.execute(DriverCommandExecutor.java:83)
at org.openqa.selenium.remote.RemoteWebDriver.execute(RemoteWebDriver.java:552)
at org.openqa.selenium.remote.RemoteWebDriver.findElement(RemoteWebDriver.java:323)
at org.openqa.selenium.remote.RemoteWebDriver.findElementByXPath(RemoteWebDriver.java:428)
at org.openqa.selenium.By$ByXPath.findElement(By.java:353)
at org.openqa.selenium.remote.RemoteWebDriver.findElement(RemoteWebDriver.java:315)
at com.qa.coachspan.pages.AvailabilityPage.CreateMemeberAccount(AvailabilityPage.java:73)
at com.coachspan.qa.Coachspan1.AvailabilityPageTest.RedirectToRegForm(AvailabilityPageTest.java:34)
... Removed 33 stack frames]]>
    </failure>
  </testcase> <!-- RedirectToRegForm -->
  <testcase name="verifyPrimaryEmailField" time="10.067" classname="com.coachspan.qa.Coachspan1.AvailabilityPageTest">
    <failure type="org.openqa.selenium.NoSuchElementException" message="no such element: Unable to locate element: {&amp;quot;method&amp;quot;:&amp;quot;xpath&amp;quot;,&amp;quot;selector&amp;quot;:&amp;quot;//input[@id=&amp;apos;emailAddress&amp;apos;]&amp;quot;}
  (Session info: chrome=88.0.4324.182)
For documentation on this error, please visit: https://www.seleniumhq.org/exceptions/no_such_element.html
Build info: version: &amp;apos;3.141.59&amp;apos;, revision: &amp;apos;e82be7d358&amp;apos;, time: &amp;apos;2018-11-14T08:17:03&amp;apos;
System info: host: &amp;apos;LAPTOP-72A17Q8C&amp;apos;, ip: &amp;apos;172.27.245.161&amp;apos;, os.name: &amp;apos;Windows 10&amp;apos;, os.arch: &amp;apos;amd64&amp;apos;, os.version: &amp;apos;10.0&amp;apos;, java.version: &amp;apos;1.8.0_261&amp;apos;
Driver info: org.openqa.selenium.chrome.ChromeDriver
Capabilities {acceptInsecureCerts: false, browserName: chrome, browserVersion: 88.0.4324.182, chrome: {chromedriverVersion: 88.0.4324.96 (68dba2d8a0b14..., userDataDir: C:\Users\Raj\AppData\Local\...}, goog:chromeOptions: {debuggerAddress: localhost:55927}, javascriptEnabled: true, networkConnectionEnabled: false, pageLoadStrategy: normal, platform: WINDOWS, platformName: WINDOWS, proxy: Proxy(), setWindowRect: true, strictFileInteractability: false, timeouts: {implicit: 0, pageLoad: 300000, script: 30000}, unhandledPromptBehavior: dismiss and notify, webauthn:extension:largeBlob: true, webauthn:virtualAuthenticators: true}
Session ID: be4d1a24986892544b85fc00d6ef6a35
*** Element info: {Using=xpath, value=//input[@id=&amp;apos;emailAddress&amp;apos;]}">
      <![CDATA[org.openqa.selenium.NoSuchElementException: no such element: Unable to locate element: {"method":"xpath","selector":"//input[@id='emailAddress']"}
  (Session info: chrome=88.0.4324.182)
For documentation on this error, please visit: https://www.seleniumhq.org/exceptions/no_such_element.html
Build info: version: '3.141.59', revision: 'e82be7d358', time: '2018-11-14T08:17:03'
System info: host: 'LAPTOP-72A17Q8C', ip: '172.27.245.161', os.name: 'Windows 10', os.arch: 'amd64', os.version: '10.0', java.version: '1.8.0_261'
Driver info: org.openqa.selenium.chrome.ChromeDriver
Capabilities {acceptInsecureCerts: false, browserName: chrome, browserVersion: 88.0.4324.182, chrome: {chromedriverVersion: 88.0.4324.96 (68dba2d8a0b14..., userDataDir: C:\Users\Raj\AppData\Local\...}, goog:chromeOptions: {debuggerAddress: localhost:55927}, javascriptEnabled: true, networkConnectionEnabled: false, pageLoadStrategy: normal, platform: WINDOWS, platformName: WINDOWS, proxy: Proxy(), setWindowRect: true, strictFileInteractability: false, timeouts: {implicit: 0, pageLoad: 300000, script: 30000}, unhandledPromptBehavior: dismiss and notify, webauthn:extension:largeBlob: true, webauthn:virtualAuthenticators: true}
Session ID: be4d1a24986892544b85fc00d6ef6a35
*** Element info: {Using=xpath, value=//input[@id='emailAddress']}
at org.openqa.selenium.remote.http.W3CHttpResponseCodec.createException(W3CHttpResponseCodec.java:187)
at org.openqa.selenium.remote.http.W3CHttpResponseCodec.decode(W3CHttpResponseCodec.java:122)
at org.openqa.selenium.remote.http.W3CHttpResponseCodec.decode(W3CHttpResponseCodec.java:49)
at org.openqa.selenium.remote.HttpCommandExecutor.execute(HttpCommandExecutor.java:158)
at org.openqa.selenium.remote.service.DriverCommandExecutor.execute(DriverCommandExecutor.java:83)
at org.openqa.selenium.remote.RemoteWebDriver.execute(RemoteWebDriver.java:552)
at org.openqa.selenium.remote.RemoteWebDriver.findElement(RemoteWebDriver.java:323)
at org.openqa.selenium.remote.RemoteWebDriver.findElementByXPath(RemoteWebDriver.java:428)
at org.openqa.selenium.By$ByXPath.findElement(By.java:353)
at org.openqa.selenium.remote.RemoteWebDriver.findElement(RemoteWebDriver.java:315)
at com.qa.coachspan.pages.AvailabilityPage.fieldvisible(AvailabilityPage.java:67)
at com.coachspan.qa.Coachspan1.AvailabilityPageTest.verifyPrimaryEmailField(AvailabilityPageTest.java:26)
... Removed 33 stack frames]]>
    </failure>
  </testcase> <!-- verifyPrimaryEmailField -->
  <testcase name="landonAvailabilityPage" time="0.0" classname="com.coachspan.qa.Coachspan1.CEEPageTest">
    <skipped/>
  </testcase> <!-- landonAvailabilityPage -->
  <testcase name="coachespage" time="0.0" classname="com.coachspan.qa.Coachspan1.CoachesPageTest">
    <skipped/>
  </testcase> <!-- coachespage -->
  <testcase name="noofcoaches" time="0.0" classname="com.coachspan.qa.Coachspan1.CoachesPageTest">
    <skipped/>
  </testcase> <!-- noofcoaches -->
  <testcase name="pageheadingTest" time="0.0" classname="com.coachspan.qa.Coachspan1.CoachesPageTest">
    <skipped/>
  </testcase> <!-- pageheadingTest -->
  <testcase name="launchCEEPage" time="0.0" classname="com.coachspan.qa.Coachspan1.CSBDTest">
    <skipped/>
  </testcase> <!-- launchCEEPage -->
  <testcase name="homeheadingTest" time="0.0" classname="com.coachspan.qa.Coachspan1.HomePageTest">
    <skipped/>
  </testcase> <!-- homeheadingTest -->
  <testcase name="homeorglinkTest" time="0.0" classname="com.coachspan.qa.Coachspan1.HomePageTest">
    <skipped/>
  </testcase> <!-- homeorglinkTest -->
  <testcase name="selectContext" time="0.0" classname="com.coachspan.qa.Coachspan1.HomePageTest">
    <skipped/>
  </testcase> <!-- selectContext -->
  <testcase name="VerifyLoginPageTitle" time="0.002" classname="com.coachspan.qa.Coachspan1.LoginPageTest">
    <failure type="java.lang.NullPointerException">
      <![CDATA[java.lang.NullPointerException
at com.coachspan.qa.Coachspan1.LoginPageTest.VerifyLoginPageTitle(LoginPageTest.java:15)
... Removed 29 stack frames]]>
    </failure>
  </testcase> <!-- VerifyLoginPageTitle -->
  <testcase name="verifyforgotpasswordlink" time="0.002" classname="com.coachspan.qa.Coachspan1.LoginPageTest">
    <failure type="java.lang.NullPointerException">
      <![CDATA[java.lang.NullPointerException
at com.coachspan.qa.Coachspan1.LoginPageTest.verifyforgotpasswordlink(LoginPageTest.java:23)
... Removed 29 stack frames]]>
    </failure>
  </testcase> <!-- verifyforgotpasswordlink -->
  <testcase name="login" time="0.002" classname="com.coachspan.qa.Coachspan1.LoginPageTest">
    <failure type="java.lang.NullPointerException">
      <![CDATA[java.lang.NullPointerException
at com.coachspan.qa.Coachspan1.LoginPageTest.login(LoginPageTest.java:29)
... Removed 29 stack frames]]>
    </failure>
  </testcase> <!-- login -->
  <testcase name="verifyaddedmember" time="0.0" classname="com.coachspan.qa.Coachspan1.CSBDTest">
    <ignored/>
  </testcase> <!-- verifyaddedmember -->
  <testcase name="VerifyCEElink" time="0.0" classname="com.coachspan.qa.Coachspan1.CSBDTest">
    <ignored/>
  </testcase> <!-- VerifyCEElink -->
  <testcase name="@AfterTest teardown" time="0.0" classname="com.qa.coachspan.base.BaseTest">
    <ignored/>
  </testcase> <!-- @AfterTest teardown -->
  <testcase name="@AfterTest teardown" time="0.0" classname="com.qa.coachspan.base.BaseTest">
    <ignored/>
  </testcase> <!-- @AfterTest teardown -->
  <testcase name="@AfterTest teardown" time="0.0" classname="com.qa.coachspan.base.BaseTest">
    <ignored/>
  </testcase> <!-- @AfterTest teardown -->
  <testcase name="@AfterTest teardown" time="0.0" classname="com.qa.coachspan.base.BaseTest">
    <ignored/>
  </testcase> <!-- @AfterTest teardown -->
  <testcase name="@AfterTest teardown" time="0.0" classname="com.qa.coachspan.base.BaseTest">
    <ignored/>
  </testcase> <!-- @AfterTest teardown -->
  <testcase name="@BeforeTest setUp" time="0.0" classname="com.qa.coachspan.base.BaseTest">
    <ignored/>
  </testcase> <!-- @BeforeTest setUp -->
  <testcase name="@BeforeTest setUp" time="0.0" classname="com.qa.coachspan.base.BaseTest">
    <ignored/>
  </testcase> <!-- @BeforeTest setUp -->
  <testcase name="@BeforeTest setUp" time="0.0" classname="com.qa.coachspan.base.BaseTest">
    <ignored/>
  </testcase> <!-- @BeforeTest setUp -->
  <testcase name="@BeforeTest setUp" time="0.0" classname="com.qa.coachspan.base.BaseTest">
    <ignored/>
  </testcase> <!-- @BeforeTest setUp -->
  <testcase name="@BeforeTest setUp" time="0.0" classname="com.qa.coachspan.base.BaseTest">
    <ignored/>
  </testcase> <!-- @BeforeTest setUp -->
</testsuite> <!-- Surefire test -->
