<?xml version="1.0" encoding="UTF-8"?>
<!-- Generated by org.testng.reporters.JUnitXMLReporter -->
<testsuite hostname="LAPTOP-72A17Q8C" ignored="0" name="Default test" tests="2" failures="0" timestamp="2021-02-24T18:22:03 IST" time="160.261" errors="0">
  <testcase name="VerifyCoachCreationFunctionality" time="40.256" classname="com.coachspan.qa.Coachspan1.AvailabilityPageTest"/>
  <testcase name="verifyVisibilityofPrimaryEmailField" time="0.049" classname="com.coachspan.qa.Coachspan1.AvailabilityPageTest"/>
</testsuite> <!-- Default test -->
