<?xml version="1.0" encoding="UTF-8"?>
<!-- Generated by org.testng.reporters.JUnitXMLReporter -->
<testsuite hostname="LAPTOP-72A17Q8C" ignored="0" name="Default test" tests="2" failures="0" timestamp="2021-02-24T12:34:41 IST" time="193.634" errors="0">
  <testcase name="VerifyCoachCreationFunctionality" time="39.373" classname="com.coachspan.qa.Coachspan1.AvailabilityPageTest"/>
  <testcase name="verifyVisibilityofPrimaryEmailField" time="0.034" classname="com.coachspan.qa.Coachspan1.AvailabilityPageTest"/>
</testsuite> <!-- Default test -->
