<?xml version="1.0" encoding="UTF-8"?>
<!-- Generated by org.testng.reporters.JUnitXMLReporter -->
<testsuite hostname="LAPTOP-72A17Q8C" ignored="0" name="Availability Page test" tests="2" failures="2" timestamp="2021-02-19T18:04:41 IST" time="115.396" errors="0">
  <testcase name="RedirectToRegForm" time="0.003" classname="com.coachspan.qa.Coachspan1.AvailabilityPageTest">
    <failure type="java.lang.StringIndexOutOfBoundsException" message="String index out of range: -1">
      <![CDATA[java.lang.StringIndexOutOfBoundsException: String index out of range: -1
at java.lang.String.substring(Unknown Source)
at com.qa.coachspan.listeners.ExtentReportListener.onTestStart(ExtentReportListener.java:71)
at java.util.ArrayList.forEach(Unknown Source)
at java.util.concurrent.FutureTask.run(Unknown Source)
at java.util.concurrent.ThreadPoolExecutor.runWorker(Unknown Source)
at java.util.concurrent.ThreadPoolExecutor$Worker.run(Unknown Source)
at java.lang.Thread.run(Unknown Source)
... Removed 15 stack frames]]>
    </failure>
  </testcase> <!-- RedirectToRegForm -->
  <testcase name="RedirectToRegForm" time="0.473" classname="com.coachspan.qa.Coachspan1.AvailabilityPageTest">
    <failure type="java.lang.NullPointerException">
      <![CDATA[java.lang.NullPointerException
at com.qa.coachspan.listeners.ExtentReportListener.onTestFailure(ExtentReportListener.java:97)
at java.util.ArrayList.forEach(Unknown Source)
at java.util.concurrent.FutureTask.run(Unknown Source)
at java.util.concurrent.ThreadPoolExecutor.runWorker(Unknown Source)
at java.util.concurrent.ThreadPoolExecutor$Worker.run(Unknown Source)
at java.lang.Thread.run(Unknown Source)
... Removed 15 stack frames]]>
    </failure>
  </testcase> <!-- RedirectToRegForm -->
</testsuite> <!-- Availability Page test -->
