<?xml version="1.0" encoding="UTF-8"?>
<!-- Generated by org.testng.reporters.JUnitXMLReporter -->
<testsuite hostname="LAPTOP-72A17Q8C" ignored="0" name="Availability Page test" tests="2" failures="0" timestamp="2021-02-18T19:38:07 IST" time="150.08" errors="0">
  <testcase name="fieldvisibility" time="4.694" classname="com.coachspan.qa.Coachspan1.AvailabilityPageTest"/>
  <testcase name="redirectThankYouPage" time="34.443" classname="com.coachspan.qa.Coachspan1.AvailabilityPageTest"/>
</testsuite> <!-- Availability Page test -->
