<?xml version="1.0" encoding="UTF-8"?>
<!-- Generated by org.testng.reporters.JUnitXMLReporter -->
<testsuite hostname="LAPTOP-72A17Q8C" ignored="2" name="CSBD test" tests="1" failures="0" timestamp="2021-02-16T12:44:16 IST" time="67.63" errors="0">
  <testcase name="launchCEEPage" time="12.915" classname="com.coachspan.qa.Coachspan1.CSBDTest"/>
  <testcase name="verifyaddedmember" time="0.0" classname="com.coachspan.qa.Coachspan1.CSBDTest">
    <ignored/>
  </testcase> <!-- verifyaddedmember -->
  <testcase name="VerifyCEElink" time="0.0" classname="com.coachspan.qa.Coachspan1.CSBDTest">
    <ignored/>
  </testcase> <!-- VerifyCEElink -->
</testsuite> <!-- CSBD test -->
