<?xml version="1.0" encoding="UTF-8"?>
<!-- Generated by org.testng.reporters.JUnitXMLReporter -->
<testsuite hostname="LAPTOP-72A17Q8C" ignored="2" name="CSBD Page test" tests="1" failures="0" timestamp="2021-02-18T19:36:42 IST" time="73.632" errors="0">
  <testcase name="launchCEEPage" time="22.957" classname="com.coachspan.qa.Coachspan1.CSBDTest"/>
  <testcase name="verifyaddedmember" time="0.0" classname="com.coachspan.qa.Coachspan1.CSBDTest">
    <ignored/>
  </testcase> <!-- verifyaddedmember -->
  <testcase name="VerifyCEElink" time="0.0" classname="com.coachspan.qa.Coachspan1.CSBDTest">
    <ignored/>
  </testcase> <!-- VerifyCEElink -->
</testsuite> <!-- CSBD Page test -->
