<?xml version="1.0" encoding="UTF-8"?>
<!-- Generated by org.testng.reporters.JUnitXMLReporter -->
<testsuite hostname="LAPTOP-72A17Q8C" ignored="2" name="CSBD Page test" tests="2" failures="2" timestamp="2021-02-19T18:02:47 IST" time="56.007" errors="0">
  <testcase name="launchCEEPage" time="0.005" classname="com.coachspan.qa.Coachspan1.CSBDTest">
    <failure type="java.lang.StringIndexOutOfBoundsException" message="String index out of range: -1">
      <![CDATA[java.lang.StringIndexOutOfBoundsException: String index out of range: -1
at java.lang.String.substring(Unknown Source)
at com.qa.coachspan.listeners.ExtentReportListener.onTestStart(ExtentReportListener.java:71)
at java.util.ArrayList.forEach(Unknown Source)
at java.util.concurrent.FutureTask.run(Unknown Source)
at java.util.concurrent.ThreadPoolExecutor.runWorker(Unknown Source)
at java.util.concurrent.ThreadPoolExecutor$Worker.run(Unknown Source)
at java.lang.Thread.run(Unknown Source)
... Removed 15 stack frames]]>
    </failure>
  </testcase> <!-- launchCEEPage -->
  <testcase name="launchCEEPage" time="0.542" classname="com.coachspan.qa.Coachspan1.CSBDTest">
    <failure type="java.lang.NullPointerException">
      <![CDATA[java.lang.NullPointerException
at com.qa.coachspan.listeners.ExtentReportListener.onTestFailure(ExtentReportListener.java:97)
at java.util.ArrayList.forEach(Unknown Source)
at java.util.concurrent.FutureTask.run(Unknown Source)
at java.util.concurrent.ThreadPoolExecutor.runWorker(Unknown Source)
at java.util.concurrent.ThreadPoolExecutor$Worker.run(Unknown Source)
at java.lang.Thread.run(Unknown Source)
... Removed 15 stack frames]]>
    </failure>
  </testcase> <!-- launchCEEPage -->
  <testcase name="verifyaddedmember" time="0.0" classname="com.coachspan.qa.Coachspan1.CSBDTest">
    <ignored/>
  </testcase> <!-- verifyaddedmember -->
  <testcase name="VerifyCEElink" time="0.0" classname="com.coachspan.qa.Coachspan1.CSBDTest">
    <ignored/>
  </testcase> <!-- VerifyCEElink -->
</testsuite> <!-- CSBD Page test -->
