<?xml version="1.0" encoding="UTF-8"?>
<!-- Generated by org.testng.reporters.JUnitXMLReporter -->
<testsuite hostname="LAPTOP-72A17Q8C" ignored="0" name="homepage test" tests="3" failures="0" timestamp="2021-02-16T12:43:08 IST" time="29.679" errors="0">
  <testcase name="homeheadingTest" time="0.045" classname="com.coachspan.qa.Coachspan1.HomePageTest"/>
  <testcase name="homeorglinkTest" time="0.051" classname="com.coachspan.qa.Coachspan1.HomePageTest"/>
  <testcase name="selectContext" time="15.908" classname="com.coachspan.qa.Coachspan1.HomePageTest"/>
</testsuite> <!-- homepage test -->
