<?xml version="1.0" encoding="UTF-8"?>
<!-- Generated by org.testng.reporters.JUnitXMLReporter -->
<testsuite hostname="LAPTOP-72A17Q8C" ignored="0" name="Login Test" tests="3" failures="0" timestamp="2021-02-24T16:20:10 IST" time="14.691" errors="0">
  <testcase name="verifyLoginPageTitle" time="0.084" classname="com.coachspan.qa.Coachspan1.LoginPageTest"/>
  <testcase name="verifyForgotPasswordLink" time="0.054" classname="com.coachspan.qa.Coachspan1.LoginPageTest"/>
  <testcase name="verifyLoginFunctionality" time="4.949" classname="com.coachspan.qa.Coachspan1.LoginPageTest"/>
</testsuite> <!-- Login Test -->
