<?xml version="1.0" encoding="UTF-8"?>
<!-- Generated by org.testng.reporters.JUnitXMLReporter -->
<testsuite hostname="LAPTOP-72A17Q8C" ignored="0" name="Regression Functional Regression Test" tests="3" failures="0" timestamp="2021-02-16T12:42:50 IST" time="11.747" errors="0">
  <testcase name="VerifyLoginPageTitle" time="0.072" classname="com.coachspan.qa.Coachspan1.LoginPageTest"/>
  <testcase name="verifyforgotpasswordlink" time="0.062" classname="com.coachspan.qa.Coachspan1.LoginPageTest"/>
  <testcase name="login" time="4.584" classname="com.coachspan.qa.Coachspan1.LoginPageTest"/>
</testsuite> <!-- Regression Functional Regression Test -->
