<?xml version="1.0" encoding="UTF-8"?>
<testng-results skipped="0" failed="0" ignored="2" total="14" passed="12">
  <reporter-output>
  </reporter-output>
  <suite name="Coachspan Regression Test Suite" duration-ms="213252" started-at="2021-02-18T19:34:33 IST" finished-at="2021-02-18T19:38:07 IST">
    <groups>
    </groups>
    <test name="Login Test" duration-ms="12751" started-at="2021-02-18T19:34:33 IST" finished-at="2021-02-18T19:34:46 IST">
      <class name="com.coachspan.qa.Coachspan1.LoginPageTest">
        <test-method status="PASS" signature="setUp()[pri:0, instance:com.coachspan.qa.Coachspan1.LoginPageTest@185a6e9]" name="setUp" is-config="true" duration-ms="9251" started-at="2021-02-18T19:34:33 IST" finished-at="2021-02-18T19:34:43 IST">
          <reporter-output>
          </reporter-output>
        </test-method> <!-- setUp -->
        <test-method status="PASS" signature="VerifyLoginPageTitle()[pri:1, instance:com.coachspan.qa.Coachspan1.LoginPageTest@185a6e9]" name="VerifyLoginPageTitle" duration-ms="80" started-at="2021-02-18T19:34:43 IST" finished-at="2021-02-18T19:34:43 IST">
          <reporter-output>
          </reporter-output>
        </test-method> <!-- VerifyLoginPageTitle -->
        <test-method status="PASS" signature="verifyforgotpasswordlink()[pri:2, instance:com.coachspan.qa.Coachspan1.LoginPageTest@185a6e9]" name="verifyforgotpasswordlink" duration-ms="81" started-at="2021-02-18T19:34:43 IST" finished-at="2021-02-18T19:34:43 IST">
          <reporter-output>
          </reporter-output>
        </test-method> <!-- verifyforgotpasswordlink -->
        <test-method status="PASS" signature="login()[pri:3, instance:com.coachspan.qa.Coachspan1.LoginPageTest@185a6e9]" name="login" duration-ms="2407" started-at="2021-02-18T19:34:43 IST" finished-at="2021-02-18T19:34:46 IST">
          <reporter-output>
          </reporter-output>
        </test-method> <!-- login -->
        <test-method status="PASS" signature="teardown()[pri:0, instance:com.coachspan.qa.Coachspan1.LoginPageTest@185a6e9]" name="teardown" is-config="true" duration-ms="714" started-at="2021-02-18T19:34:46 IST" finished-at="2021-02-18T19:34:46 IST">
          <reporter-output>
          </reporter-output>
        </test-method> <!-- teardown -->
      </class> <!-- com.coachspan.qa.Coachspan1.LoginPageTest -->
    </test> <!-- Login Test -->
    <test name="homepage test" duration-ms="54393" started-at="2021-02-18T19:34:33 IST" finished-at="2021-02-18T19:35:28 IST">
      <class name="com.coachspan.qa.Coachspan1.HomePageTest">
        <test-method status="PASS" signature="setUp()[pri:0, instance:com.coachspan.qa.Coachspan1.HomePageTest@2925bf5b]" name="setUp" is-config="true" duration-ms="9251" started-at="2021-02-18T19:34:33 IST" finished-at="2021-02-18T19:34:43 IST">
          <reporter-output>
          </reporter-output>
        </test-method> <!-- setUp -->
        <test-method status="PASS" signature="HomePage_setUp()[pri:0, instance:com.coachspan.qa.Coachspan1.HomePageTest@2925bf5b]" name="HomePage_setUp" is-config="true" duration-ms="2495" started-at="2021-02-18T19:34:43 IST" finished-at="2021-02-18T19:34:45 IST">
          <reporter-output>
          </reporter-output>
        </test-method> <!-- HomePage_setUp -->
        <test-method status="PASS" signature="homeheadingTest()[pri:0, instance:com.coachspan.qa.Coachspan1.HomePageTest@2925bf5b]" name="homeheadingTest" duration-ms="40" started-at="2021-02-18T19:34:45 IST" finished-at="2021-02-18T19:34:45 IST">
          <reporter-output>
          </reporter-output>
        </test-method> <!-- homeheadingTest -->
        <test-method status="PASS" signature="homeorglinkTest()[pri:0, instance:com.coachspan.qa.Coachspan1.HomePageTest@2925bf5b]" name="homeorglinkTest" duration-ms="46" started-at="2021-02-18T19:34:45 IST" finished-at="2021-02-18T19:34:45 IST">
          <reporter-output>
          </reporter-output>
        </test-method> <!-- homeorglinkTest -->
        <test-method status="PASS" signature="selectContext()[pri:0, instance:com.coachspan.qa.Coachspan1.HomePageTest@2925bf5b]" name="selectContext" duration-ms="41794" started-at="2021-02-18T19:34:45 IST" finished-at="2021-02-18T19:35:27 IST">
          <reporter-output>
          </reporter-output>
        </test-method> <!-- selectContext -->
        <test-method status="PASS" signature="teardown()[pri:0, instance:com.coachspan.qa.Coachspan1.HomePageTest@2925bf5b]" name="teardown" is-config="true" duration-ms="706" started-at="2021-02-18T19:35:27 IST" finished-at="2021-02-18T19:35:28 IST">
          <reporter-output>
          </reporter-output>
        </test-method> <!-- teardown -->
      </class> <!-- com.coachspan.qa.Coachspan1.HomePageTest -->
    </test> <!-- homepage test -->
    <test name="Coachespage test" duration-ms="49914" started-at="2021-02-18T19:34:47 IST" finished-at="2021-02-18T19:35:37 IST">
      <class name="com.coachspan.qa.Coachspan1.CoachesPageTest">
        <test-method status="PASS" signature="setUp()[pri:0, instance:com.coachspan.qa.Coachspan1.CoachesPageTest@b2c9a9c]" name="setUp" is-config="true" duration-ms="6180" started-at="2021-02-18T19:34:47 IST" finished-at="2021-02-18T19:34:53 IST">
          <reporter-output>
          </reporter-output>
        </test-method> <!-- setUp -->
        <test-method status="PASS" signature="HomePage_setUp()[pri:0, instance:com.coachspan.qa.Coachspan1.CoachesPageTest@b2c9a9c]" name="HomePage_setUp" is-config="true" duration-ms="36402" started-at="2021-02-18T19:34:53 IST" finished-at="2021-02-18T19:35:29 IST">
          <reporter-output>
          </reporter-output>
        </test-method> <!-- HomePage_setUp -->
        <test-method status="PASS" signature="coachespage()[pri:0, instance:com.coachspan.qa.Coachspan1.CoachesPageTest@b2c9a9c]" name="coachespage" duration-ms="5878" started-at="2021-02-18T19:35:29 IST" finished-at="2021-02-18T19:35:35 IST">
          <reporter-output>
          </reporter-output>
        </test-method> <!-- coachespage -->
        <test-method status="PASS" signature="noofcoaches()[pri:0, instance:com.coachspan.qa.Coachspan1.CoachesPageTest@b2c9a9c]" name="noofcoaches" duration-ms="558" started-at="2021-02-18T19:35:35 IST" finished-at="2021-02-18T19:35:36 IST">
          <reporter-output>
          </reporter-output>
        </test-method> <!-- noofcoaches -->
        <test-method status="PASS" signature="pageheadingTest()[pri:0, instance:com.coachspan.qa.Coachspan1.CoachesPageTest@b2c9a9c]" name="pageheadingTest" duration-ms="142" started-at="2021-02-18T19:35:36 IST" finished-at="2021-02-18T19:35:36 IST">
          <reporter-output>
          </reporter-output>
        </test-method> <!-- pageheadingTest -->
        <test-method status="PASS" signature="teardown()[pri:0, instance:com.coachspan.qa.Coachspan1.CoachesPageTest@b2c9a9c]" name="teardown" is-config="true" duration-ms="740" started-at="2021-02-18T19:35:36 IST" finished-at="2021-02-18T19:35:37 IST">
          <reporter-output>
          </reporter-output>
        </test-method> <!-- teardown -->
      </class> <!-- com.coachspan.qa.Coachspan1.CoachesPageTest -->
    </test> <!-- Coachespage test -->
    <test name="CSBD Page test" duration-ms="73632" started-at="2021-02-18T19:35:28 IST" finished-at="2021-02-18T19:36:42 IST">
      <class name="com.coachspan.qa.Coachspan1.CSBDTest">
        <test-method status="PASS" signature="setUp()[pri:0, instance:com.coachspan.qa.Coachspan1.CSBDTest@5e5d171f]" name="setUp" is-config="true" duration-ms="6148" started-at="2021-02-18T19:35:28 IST" finished-at="2021-02-18T19:35:34 IST">
          <reporter-output>
          </reporter-output>
        </test-method> <!-- setUp -->
        <test-method status="PASS" signature="HomePage_setUp()[pri:0, instance:com.coachspan.qa.Coachspan1.CSBDTest@5e5d171f]" name="HomePage_setUp" is-config="true" duration-ms="43794" started-at="2021-02-18T19:35:34 IST" finished-at="2021-02-18T19:36:18 IST">
          <reporter-output>
          </reporter-output>
        </test-method> <!-- HomePage_setUp -->
        <test-method status="PASS" signature="launchCEEPage()[pri:0, instance:com.coachspan.qa.Coachspan1.CSBDTest@5e5d171f]" name="launchCEEPage" duration-ms="22957" started-at="2021-02-18T19:36:18 IST" finished-at="2021-02-18T19:36:41 IST">
          <reporter-output>
          </reporter-output>
        </test-method> <!-- launchCEEPage -->
        <test-method status="PASS" signature="teardown()[pri:0, instance:com.coachspan.qa.Coachspan1.CSBDTest@5e5d171f]" name="teardown" is-config="true" duration-ms="710" started-at="2021-02-18T19:36:41 IST" finished-at="2021-02-18T19:36:42 IST">
          <reporter-output>
          </reporter-output>
        </test-method> <!-- teardown -->
      </class> <!-- com.coachspan.qa.Coachspan1.CSBDTest -->
    </test> <!-- CSBD Page test -->
    <test name="Availability Page test" duration-ms="150080" started-at="2021-02-18T19:35:37 IST" finished-at="2021-02-18T19:38:07 IST">
      <class name="com.coachspan.qa.Coachspan1.AvailabilityPageTest">
        <test-method status="PASS" signature="setUp()[pri:0, instance:com.coachspan.qa.Coachspan1.AvailabilityPageTest@55b0dcab]" name="setUp" is-config="true" duration-ms="5983" started-at="2021-02-18T19:35:37 IST" finished-at="2021-02-18T19:35:43 IST">
          <reporter-output>
          </reporter-output>
        </test-method> <!-- setUp -->
        <test-method status="PASS" signature="HomePage_setUp()[pri:0, instance:com.coachspan.qa.Coachspan1.AvailabilityPageTest@55b0dcab]" name="HomePage_setUp" is-config="true" duration-ms="104209" started-at="2021-02-18T19:35:43 IST" finished-at="2021-02-18T19:37:27 IST">
          <reporter-output>
          </reporter-output>
        </test-method> <!-- HomePage_setUp -->
        <test-method status="PASS" signature="fieldvisibility()[pri:0, instance:com.coachspan.qa.Coachspan1.AvailabilityPageTest@55b0dcab]" name="fieldvisibility" duration-ms="4694" started-at="2021-02-18T19:37:27 IST" finished-at="2021-02-18T19:37:32 IST">
          <reporter-output>
          </reporter-output>
        </test-method> <!-- fieldvisibility -->
        <test-method status="PASS" signature="redirectThankYouPage()[pri:0, instance:com.coachspan.qa.Coachspan1.AvailabilityPageTest@55b0dcab]" name="redirectThankYouPage" duration-ms="34443" started-at="2021-02-18T19:37:32 IST" finished-at="2021-02-18T19:38:06 IST">
          <reporter-output>
          </reporter-output>
        </test-method> <!-- redirectThankYouPage -->
        <test-method status="PASS" signature="teardown()[pri:0, instance:com.coachspan.qa.Coachspan1.AvailabilityPageTest@55b0dcab]" name="teardown" is-config="true" duration-ms="739" started-at="2021-02-18T19:38:06 IST" finished-at="2021-02-18T19:38:07 IST">
          <reporter-output>
          </reporter-output>
        </test-method> <!-- teardown -->
      </class> <!-- com.coachspan.qa.Coachspan1.AvailabilityPageTest -->
    </test> <!-- Availability Page test -->
  </suite> <!-- Coachspan Regression Test Suite -->
</testng-results>
