<?xml version="1.0" encoding="UTF-8"?>
<testng-results skipped="0" failed="0" ignored="0" total="2" passed="2">
  <reporter-output>
  </reporter-output>
  <suite name="Default suite" duration-ms="193634" started-at="2021-02-24T12:31:28 IST" finished-at="2021-02-24T12:34:41 IST">
    <groups>
    </groups>
    <test name="Default test" duration-ms="193634" started-at="2021-02-24T12:31:28 IST" finished-at="2021-02-24T12:34:41 IST">
      <class name="com.coachspan.qa.Coachspan1.AvailabilityPageTest">
        <test-method status="PASS" signature="setUp()[pri:0, instance:com.coachspan.qa.Coachspan1.AvailabilityPageTest@3b9d6699]" name="setUp" is-config="true" duration-ms="14115" started-at="2021-02-24T12:31:28 IST" finished-at="2021-02-24T12:31:42 IST">
          <reporter-output>
          </reporter-output>
        </test-method> <!-- setUp -->
        <test-method status="PASS" signature="HomePage_setUp()[pri:0, instance:com.coachspan.qa.Coachspan1.AvailabilityPageTest@3b9d6699]" name="HomePage_setUp" is-config="true" duration-ms="139203" started-at="2021-02-24T12:31:42 IST" finished-at="2021-02-24T12:34:01 IST">
          <reporter-output>
          </reporter-output>
        </test-method> <!-- HomePage_setUp -->
        <test-method status="PASS" signature="VerifyCoachCreationFunctionality()[pri:0, instance:com.coachspan.qa.Coachspan1.AvailabilityPageTest@3b9d6699]" name="VerifyCoachCreationFunctionality" duration-ms="39373" started-at="2021-02-24T12:34:01 IST" description="Verify if Member is created successfully" finished-at="2021-02-24T12:34:40 IST">
          <reporter-output>
          </reporter-output>
        </test-method> <!-- VerifyCoachCreationFunctionality -->
        <test-method status="PASS" signature="verifyVisibilityofPrimaryEmailField()[pri:0, instance:com.coachspan.qa.Coachspan1.AvailabilityPageTest@3b9d6699]" name="verifyVisibilityofPrimaryEmailField" duration-ms="34" started-at="2021-02-24T12:34:41 IST" description="Verify if PrimaryEmail field is visible" finished-at="2021-02-24T12:34:41 IST">
          <reporter-output>
          </reporter-output>
        </test-method> <!-- verifyVisibilityofPrimaryEmailField -->
        <test-method status="PASS" signature="teardown()[pri:0, instance:com.coachspan.qa.Coachspan1.AvailabilityPageTest@3b9d6699]" name="teardown" is-config="true" duration-ms="706" started-at="2021-02-24T12:34:41 IST" finished-at="2021-02-24T12:34:41 IST">
          <reporter-output>
          </reporter-output>
        </test-method> <!-- teardown -->
      </class> <!-- com.coachspan.qa.Coachspan1.AvailabilityPageTest -->
    </test> <!-- Default test -->
  </suite> <!-- Default suite -->
</testng-results>
